<?xml version="1.0" encoding="UTF-8"?>
<!-- Generated by org.testng.reporters.JUnitReportReporter -->
<testsuite skipped="0" hostname="DESKTOP-IOER2BC" name="test.AddNewCategoryTest" tests="1" failures="0" timestamp="2021-01-23T00:56:50 CST" time="9.724" errors="0">
  <testcase name="User_is_Able_to_Add_a_New_Category" time="9.724" classname="test.AddNewCategoryTest"/>
  <system-out/>
</testsuite> <!-- test.AddNewCategoryTest -->
