<?xml version="1.0" encoding="UTF-8"?>
<!-- Generated by org.testng.reporters.JUnitReportReporter -->
<testsuite skipped="0" hostname="DESKTOP-IOER2BC" name="test.RaunchAutomatioExamWebSiteTest" tests="1" failures="0" timestamp="2021-01-22T23:29:07 CST" time="7.580" errors="0">
  <testcase name="User_Is_On_HomePage" time="7.580" classname="test.RaunchAutomatioExamWebSiteTest"/>
  <system-out/>
</testsuite> <!-- test.RaunchAutomatioExamWebSiteTest -->
