<?xml version="1.0" encoding="UTF-8"?>
<!-- Generated by org.testng.reporters.JUnitReportReporter -->
<testsuite skipped="0" hostname="DESKTOP-IOER2BC" name="test.ValideteIfAllMonthApearOnDropDown" tests="1" failures="0" timestamp="2021-01-23T00:57:29 CST" time="8.754" errors="0">
  <testcase name="AllMonthsAreONDropDown" time="8.754" classname="test.ValideteIfAllMonthApearOnDropDown"/>
  <system-out/>
</testsuite> <!-- test.ValideteIfAllMonthApearOnDropDown -->
