<?xml version="1.0" encoding="UTF-8"?>
<!-- Generated by org.testng.reporters.JUnitReportReporter -->
<testsuite skipped="0" hostname="DESKTOP-IOER2BC" name="test.ExamPageAssertionTest" tests="1" failures="0" timestamp="2021-01-23T00:58:19 CST" time="7.463" errors="0">
  <testcase name="User_is_on_Test_Page" time="7.463" classname="test.ExamPageAssertionTest"/>
  <system-out/>
</testsuite> <!-- test.ExamPageAssertionTest -->
