<?xml version="1.0" encoding="UTF-8"?>
<!-- Generated by org.testng.reporters.JUnitReportReporter -->
<testsuite skipped="0" hostname="DESKTOP-IOER2BC" name="test.CategoryAlreadExistTest" tests="1" failures="0" timestamp="2021-01-23T01:00:35 CST" time="10.170" errors="0">
  <testcase name="UserIsNotAbletoDeplicateCategory" time="10.170" classname="test.CategoryAlreadExistTest"/>
  <system-out/>
</testsuite> <!-- test.CategoryAlreadExistTest -->
